tried to followe

https://opensky-network.org/forum/questions/251-maven-opensky-api-1-3-0-jar

C:\Users\Abhilash>cd opensky-api/java

C:\Users\Abhilash\opensky-api\java>mvn install
[INFO] Scanning for projects...
[INFO]
[INFO] ----------------------< org.opensky:opensky-api >-----------------------
[INFO] Building The OpenSky Network API 1.3.0
[INFO] --------------------------------[ jar ]---------------------------------
Downloading from central: https://repo.maven.apache.org/maven2/junit/junit/4.13.1/junit-4.13.1.pom
Downloaded from central: https://repo.maven.apache.org/maven2/junit/junit/4.13.1/junit-4.13.1.pom (25 kB at 30 kB/s)
Downloading from central: https://repo.maven.apache.org/maven2/junit/junit/4.13.1/junit-4.13.1.jar
Downloaded from central: https://repo.maven.apache.org/maven2/junit/junit/4.13.1/junit-4.13.1.jar (383 kB at 635 kB/s)
[INFO]
[INFO] --- maven-resources-plugin:2.6:resources (default-resources) @ opensky-api ---
[INFO] Using 'UTF-8' encoding to copy filtered resources.
[INFO] skip non existing resourceDirectory C:\Users\Abhilash\opensky-api\java\src\main\resources
[INFO]
[INFO] --- maven-compiler-plugin:3.7.0:compile (default-compile) @ opensky-api ---
[INFO] Changes detected - recompiling the module!
[INFO] Compiling 4 source files to C:\Users\Abhilash\opensky-api\java\target\classes
[INFO] /C:/Users/Abhilash/opensky-api/java/src/main/java/org/opensky/model/OpenSkyStatesDeserializer.java: C:\Users\Abhilash\opensky-api\java\src\main\java\org\opensky\model\OpenSkyStatesDeserializer.java uses or overrides a deprecated API.
[INFO] /C:/Users/Abhilash/opensky-api/java/src/main/java/org/opensky/model/OpenSkyStatesDeserializer.java: Recompile with -Xlint:deprecation for details.
[INFO]
[INFO] --- maven-resources-plugin:2.6:testResources (default-testResources) @ opensky-api ---
[INFO] Using 'UTF-8' encoding to copy filtered resources.
[INFO] skip non existing resourceDirectory C:\Users\Abhilash\opensky-api\java\src\test\resources
[INFO]
[INFO] --- maven-compiler-plugin:3.7.0:testCompile (default-testCompile) @ opensky-api ---
[INFO] Changes detected - recompiling the module!
[INFO] Compiling 2 source files to C:\Users\Abhilash\opensky-api\java\target\test-classes
[INFO] /C:/Users/Abhilash/opensky-api/java/src/test/java/TestOpenSkyStatesDeserializer.java: C:\Users\Abhilash\opensky-api\java\src\test\java\TestOpenSkyStatesDeserializer.java uses or overrides a deprecated API.
[INFO] /C:/Users/Abhilash/opensky-api/java/src/test/java/TestOpenSkyStatesDeserializer.java: Recompile with -Xlint:deprecation for details.
[INFO]
[INFO] --- maven-surefire-plugin:2.12.4:test (default-test) @ opensky-api ---
[INFO] Surefire report directory: C:\Users\Abhilash\opensky-api\java\target\surefire-reports
Downloading from central: https://repo.maven.apache.org/maven2/org/apache/maven/surefire/surefire-junit4/2.12.4/surefire-junit4-2.12.4.pom
Downloaded from central: https://repo.maven.apache.org/maven2/org/apache/maven/surefire/surefire-junit4/2.12.4/surefire-junit4-2.12.4.pom (2.4 kB at 28 kB/s)
Downloading from central: https://repo.maven.apache.org/maven2/org/apache/maven/surefire/surefire-providers/2.12.4/surefire-providers-2.12.4.pom
Downloaded from central: https://repo.maven.apache.org/maven2/org/apache/maven/surefire/surefire-providers/2.12.4/surefire-providers-2.12.4.pom (2.3 kB at 30 kB/s)
Downloading from central: https://repo.maven.apache.org/maven2/org/apache/maven/surefire/surefire-junit4/2.12.4/surefire-junit4-2.12.4.jar
Downloaded from central: https://repo.maven.apache.org/maven2/org/apache/maven/surefire/surefire-junit4/2.12.4/surefire-junit4-2.12.4.jar (37 kB at 389 kB/s)

-------------------------------------------------------
 T E S T S
-------------------------------------------------------
Running TestOpenSkyApi
WARNING: testAuthGetStates needs valid credentials and did not run
WARNING: testAuthGetMyStates needs valid credentials and did not run
Request anonStates time = 5756ms
Tests run: 4, Failures: 0, Errors: 1, Skipped: 0, Time elapsed: 27.165 sec <<< FAILURE!
testAnonGetStates(TestOpenSkyApi)  Time elapsed: 26.997 sec  <<< ERROR!
java.net.SocketTimeoutException: timeout
        at okio.Okio$4.newTimeoutException(Okio.java:227)
        at okio.AsyncTimeout.exit(AsyncTimeout.java:284)
        at okio.AsyncTimeout$2.read(AsyncTimeout.java:240)
        at okio.RealBufferedSource.indexOf(RealBufferedSource.java:325)
        at okio.RealBufferedSource.indexOf(RealBufferedSource.java:314)
        at okio.RealBufferedSource.readUtf8LineStrict(RealBufferedSource.java:210)
        at okhttp3.internal.http1.Http1Codec.readResponseHeaders(Http1Codec.java:189)
        at okhttp3.internal.http.CallServerInterceptor.intercept(CallServerInterceptor.java:67)
        at okhttp3.internal.http.RealInterceptorChain.proceed(RealInterceptorChain.java:92)
        at okhttp3.internal.connection.ConnectInterceptor.intercept(ConnectInterceptor.java:45)
        at okhttp3.internal.http.RealInterceptorChain.proceed(RealInterceptorChain.java:92)
        at okhttp3.internal.http.RealInterceptorChain.proceed(RealInterceptorChain.java:67)
        at okhttp3.internal.cache.CacheInterceptor.intercept(CacheInterceptor.java:93)
        at okhttp3.internal.http.RealInterceptorChain.proceed(RealInterceptorChain.java:92)
        at okhttp3.internal.http.RealInterceptorChain.proceed(RealInterceptorChain.java:67)
        at okhttp3.internal.http.BridgeInterceptor.intercept(BridgeInterceptor.java:93)
        at okhttp3.internal.http.RealInterceptorChain.proceed(RealInterceptorChain.java:92)
        at okhttp3.internal.http.RetryAndFollowUpInterceptor.intercept(RetryAndFollowUpInterceptor.java:120)
        at okhttp3.internal.http.RealInterceptorChain.proceed(RealInterceptorChain.java:92)
        at okhttp3.internal.http.RealInterceptorChain.proceed(RealInterceptorChain.java:67)
        at okhttp3.RealCall.getResponseWithInterceptorChain(RealCall.java:179)
        at okhttp3.RealCall.execute(RealCall.java:63)
        at org.opensky.api.OpenSkyApi.getResponse(OpenSkyApi.java:109)
        at org.opensky.api.OpenSkyApi.getOpenSkyStates(OpenSkyApi.java:149)
        at org.opensky.api.OpenSkyApi.getStates(OpenSkyApi.java:256)
        at TestOpenSkyApi.testAnonGetStates(TestOpenSkyApi.java:39)
        at java.base/jdk.internal.reflect.NativeMethodAccessorImpl.invoke0(Native Method)
        at java.base/jdk.internal.reflect.NativeMethodAccessorImpl.invoke(NativeMethodAccessorImpl.java:62)
        at java.base/jdk.internal.reflect.DelegatingMethodAccessorImpl.invoke(DelegatingMethodAccessorImpl.java:43)
        at java.base/java.lang.reflect.Method.invoke(Method.java:566)
        at org.junit.runners.model.FrameworkMethod$1.runReflectiveCall(FrameworkMethod.java:59)
        at org.junit.internal.runners.model.ReflectiveCallable.run(ReflectiveCallable.java:12)
        at org.junit.runners.model.FrameworkMethod.invokeExplosively(FrameworkMethod.java:56)
        at org.junit.internal.runners.statements.InvokeMethod.evaluate(InvokeMethod.java:17)
        at org.junit.runners.ParentRunner$3.evaluate(ParentRunner.java:306)
        at org.junit.runners.BlockJUnit4ClassRunner$1.evaluate(BlockJUnit4ClassRunner.java:100)
        at org.junit.runners.ParentRunner.runLeaf(ParentRunner.java:366)
        at org.junit.runners.BlockJUnit4ClassRunner.runChild(BlockJUnit4ClassRunner.java:103)
        at org.junit.runners.BlockJUnit4ClassRunner.runChild(BlockJUnit4ClassRunner.java:63)
        at org.junit.runners.ParentRunner$4.run(ParentRunner.java:331)
        at org.junit.runners.ParentRunner$1.schedule(ParentRunner.java:79)
        at org.junit.runners.ParentRunner.runChildren(ParentRunner.java:329)
        at org.junit.runners.ParentRunner.access$100(ParentRunner.java:66)
        at org.junit.runners.ParentRunner$2.evaluate(ParentRunner.java:293)
        at org.junit.runners.ParentRunner$3.evaluate(ParentRunner.java:306)
        at org.junit.runners.ParentRunner.run(ParentRunner.java:413)
        at org.apache.maven.surefire.junit4.JUnit4Provider.execute(JUnit4Provider.java:252)
        at org.apache.maven.surefire.junit4.JUnit4Provider.executeTestSet(JUnit4Provider.java:141)
        at org.apache.maven.surefire.junit4.JUnit4Provider.invoke(JUnit4Provider.java:112)
        at java.base/jdk.internal.reflect.NativeMethodAccessorImpl.invoke0(Native Method)
        at java.base/jdk.internal.reflect.NativeMethodAccessorImpl.invoke(NativeMethodAccessorImpl.java:62)
        at java.base/jdk.internal.reflect.DelegatingMethodAccessorImpl.invoke(DelegatingMethodAccessorImpl.java:43)
        at java.base/java.lang.reflect.Method.invoke(Method.java:566)
        at org.apache.maven.surefire.util.ReflectionUtils.invokeMethodWithArray(ReflectionUtils.java:189)
        at org.apache.maven.surefire.booter.ProviderFactory$ProviderProxy.invoke(ProviderFactory.java:165)
        at org.apache.maven.surefire.booter.ProviderFactory.invokeProvider(ProviderFactory.java:85)
        at org.apache.maven.surefire.booter.ForkedBooter.runSuitesInProcess(ForkedBooter.java:115)
        at org.apache.maven.surefire.booter.ForkedBooter.main(ForkedBooter.java:75)
Caused by: java.net.SocketTimeoutException: Read timed out
        at java.base/java.net.SocketInputStream.socketRead0(Native Method)
        at java.base/java.net.SocketInputStream.socketRead(SocketInputStream.java:115)
        at java.base/java.net.SocketInputStream.read(SocketInputStream.java:168)
        at java.base/java.net.SocketInputStream.read(SocketInputStream.java:140)
        at java.base/sun.security.ssl.SSLSocketInputRecord.read(SSLSocketInputRecord.java:478)
        at java.base/sun.security.ssl.SSLSocketInputRecord.readHeader(SSLSocketInputRecord.java:472)
        at java.base/sun.security.ssl.SSLSocketInputRecord.bytesInCompletePacket(SSLSocketInputRecord.java:70)
        at java.base/sun.security.ssl.SSLSocketImpl.readApplicationRecord(SSLSocketImpl.java:1374)
        at java.base/sun.security.ssl.SSLSocketImpl$AppInputStream.read(SSLSocketImpl.java:985)
        at okio.Okio$2.read(Okio.java:138)
        at okio.AsyncTimeout$2.read(AsyncTimeout.java:236)
        ... 55 more

Running TestOpenSkyStatesDeserializer
Tests run: 4, Failures: 0, Errors: 0, Skipped: 0, Time elapsed: 0.002 sec

Results :

Tests in error:
  testAnonGetStates(TestOpenSkyApi): timeout

Tests run: 8, Failures: 0, Errors: 1, Skipped: 0

[INFO] ------------------------------------------------------------------------
[INFO] BUILD FAILURE
[INFO] ------------------------------------------------------------------------
[INFO] Total time:  38.640 s
[INFO] Finished at: 2022-05-01T16:21:13+02:00
[INFO] ------------------------------------------------------------------------
[ERROR] Failed to execute goal org.apache.maven.plugins:maven-surefire-plugin:2.12.4:test (default-test) on project opensky-api: There are test failures.
[ERROR]
[ERROR] Please refer to C:\Users\Abhilash\opensky-api\java\target\surefire-reports for the individual test results.
[ERROR] -> [Help 1]
[ERROR]
[ERROR] To see the full stack trace of the errors, re-run Maven with the -e switch.
[ERROR] Re-run Maven using the -X switch to enable full debug logging.
[ERROR]
[ERROR] For more information about the errors and possible solutions, please read the following articles:
[ERROR] [Help 1] http://cwiki.apache.org/confluence/display/MAVEN/MojoFailureException
